<?xml version="1.0" encoding="UTF-8"?>
<!-- Generated by org.testng.reporters.JUnitReportReporter -->
<testsuite hostname="GSK-QA-062" failures="0" tests="3" name="newvent" time="3.499" errors="0" timestamp="2021-09-23T08:41:11 IST" skipped="0">
  <testcase classname="newvent" name="POSTAPI" time="3.323"/>
  <system-out/>
  <testcase classname="newvent" name="GETAPI" time="0.112"/>
  <system-out/>
  <testcase classname="newvent" name="DELETEAPI" time="0.064"/>
  <system-out/>
</testsuite> <!-- newvent -->
