<?xml version="1.0" encoding="UTF-8"?>
<!-- Generated by org.testng.reporters.JUnitReportReporter -->
<testsuite hostname="GSK-QA-062" failures="0" tests="2" name="VentOrder" time="0.160" errors="0" timestamp="2021-09-22T09:36:29 IST" skipped="0">
  <testcase classname="VentOrder" name="DELETEAPI" time="0.091"/>
  <system-out/>
  <testcase classname="VentOrder" name="GETAPI" time="0.069"/>
  <system-out/>
</testsuite> <!-- VentOrder -->
