<?xml version="1.0" encoding="UTF-8"?>
<!-- Generated by org.testng.reporters.JUnitReportReporter -->
<testsuite hostname="GSK-QA-062" failures="0" tests="3" name="newvent" time="4.514" errors="0" timestamp="2021-09-30T08:40:34 IST" skipped="0">
  <testcase classname="newvent" name="POSTAPI" time="4.255"/>
  <system-out/>
  <testcase classname="newvent" name="GETAPI" time="0.092"/>
  <system-out/>
  <testcase classname="newvent" name="DELETEAPI" time="0.167"/>
  <system-out/>
</testsuite> <!-- newvent -->
